<?xml version="1.0" encoding="UTF-8"?>
<!-- Generated by org.testng.reporters.JUnitReportReporter -->
<testsuite skipped="0" hostname="DESKTOP-IIPGE9E" name="com.training.sanity.tests.ELTC_007" tests="1" failures="0" timestamp="2020-08-23T01:12:20 IST" time="70.457" errors="0">
  <testcase name="createcourseNew" time="70.457" classname="com.training.sanity.tests.ELTC_007"/>
  <system-out/>
</testsuite> <!-- com.training.sanity.tests.ELTC_007 -->
