<?xml version="1.0" encoding="UTF-8"?>
<!-- Generated by org.testng.reporters.JUnitReportReporter -->
<testsuite skipped="0" hostname="DESKTOP-IIPGE9E" name="com.training.sanity.tests.ELTC_010" tests="1" failures="0" timestamp="2020-08-20T09:38:48 IST" time="38.085" errors="0">
  <testcase name="verifyCourseList" time="38.085" classname="com.training.sanity.tests.ELTC_010"/>
  <system-out/>
</testsuite> <!-- com.training.sanity.tests.ELTC_010 -->
