<?xml version="1.0" encoding="UTF-8"?>
<!-- Generated by org.testng.reporters.JUnitReportReporter -->
<testsuite skipped="0" hostname="DESKTOP-IIPGE9E" name="com.training.sanity.tests.ELTC_011" tests="1" failures="0" timestamp="2020-08-22T00:38:24 IST" time="34.720" errors="0">
  <testcase name="verifyCourseList" time="34.720" classname="com.training.sanity.tests.ELTC_011"/>
  <system-out/>
</testsuite> <!-- com.training.sanity.tests.ELTC_011 -->
