<?xml version="1.0" encoding="UTF-8"?>
<!-- Generated by org.testng.reporters.JUnitReportReporter -->
<testsuite skipped="0" hostname="DESKTOP-IIPGE9E" name="com.training.sanity.tests.ListCourses" tests="1" failures="0" timestamp="2020-08-19T11:24:28 IST" time="29.083" errors="0">
  <testcase name="verifyCourseList" time="29.083" classname="com.training.sanity.tests.ListCourses"/>
  <system-out/>
</testsuite> <!-- com.training.sanity.tests.ListCourses -->
