<?xml version="1.0" encoding="UTF-8"?>
<!-- Generated by org.testng.reporters.JUnitReportReporter -->
<testsuite skipped="0" hostname="DESKTOP-IIPGE9E" name="com.training.sanity.tests.ELTC_012" tests="1" failures="0" timestamp="2020-08-23T02:37:09 IST" time="25.284" errors="0">
  <testcase name="verifyCourseList" time="25.284" classname="com.training.sanity.tests.ELTC_012"/>
  <system-out/>
</testsuite> <!-- com.training.sanity.tests.ELTC_012 -->
